CRITICAL - 2022-03-09 11:27:28 --> Invalid file: template/header.php
#0 C:\wamp64\www\tarefa1\system\View\View.php(198): CodeIgniter\Exceptions\FrameworkException::forInvalidFile('template/header...')
#1 C:\wamp64\www\tarefa1\system\Common.php(1089): CodeIgniter\View\View->render('template/header', Array, true)
#2 C:\wamp64\www\tarefa1\app\Controllers\Home.php(15): view('template/header')
#3 C:\wamp64\www\tarefa1\system\CodeIgniter.php(832): App\Controllers\Home->page()
#4 C:\wamp64\www\tarefa1\system\CodeIgniter.php(419): CodeIgniter\CodeIgniter->runController(Object(App\Controllers\Home))
#5 C:\wamp64\www\tarefa1\system\CodeIgniter.php(326): CodeIgniter\CodeIgniter->handleRequest(NULL, Object(Config\Cache), false)
#6 C:\wamp64\www\tarefa1\public\index.php(37): CodeIgniter\CodeIgniter->run()
#7 C:\wamp64\www\tarefa1\system\Commands\Server\rewrite.php(43): require_once('C:\\wamp64\\www\\t...')
#8 {main}
CRITICAL - 2022-03-09 11:27:56 --> Invalid file: template/header.php
#0 C:\wamp64\www\tarefa1\system\View\View.php(198): CodeIgniter\Exceptions\FrameworkException::forInvalidFile('template/header...')
#1 C:\wamp64\www\tarefa1\system\Common.php(1089): CodeIgniter\View\View->render('template/header', Array, true)
#2 C:\wamp64\www\tarefa1\app\Controllers\Home.php(15): view('template/header')
#3 C:\wamp64\www\tarefa1\system\CodeIgniter.php(832): App\Controllers\Home->page()
#4 C:\wamp64\www\tarefa1\system\CodeIgniter.php(419): CodeIgniter\CodeIgniter->runController(Object(App\Controllers\Home))
#5 C:\wamp64\www\tarefa1\system\CodeIgniter.php(326): CodeIgniter\CodeIgniter->handleRequest(NULL, Object(Config\Cache), false)
#6 C:\wamp64\www\tarefa1\public\index.php(37): CodeIgniter\CodeIgniter->run()
#7 C:\wamp64\www\tarefa1\system\Commands\Server\rewrite.php(43): require_once('C:\\wamp64\\www\\t...')
#8 {main}
CRITICAL - 2022-03-09 11:28:05 --> Invalid file: template/header.php
#0 C:\wamp64\www\tarefa1\system\View\View.php(198): CodeIgniter\Exceptions\FrameworkException::forInvalidFile('template/header...')
#1 C:\wamp64\www\tarefa1\system\Common.php(1089): CodeIgniter\View\View->render('template/header', Array, true)
#2 C:\wamp64\www\tarefa1\app\Controllers\Home.php(15): view('template/header')
#3 C:\wamp64\www\tarefa1\system\CodeIgniter.php(832): App\Controllers\Home->page()
#4 C:\wamp64\www\tarefa1\system\CodeIgniter.php(419): CodeIgniter\CodeIgniter->runController(Object(App\Controllers\Home))
#5 C:\wamp64\www\tarefa1\system\CodeIgniter.php(326): CodeIgniter\CodeIgniter->handleRequest(NULL, Object(Config\Cache), false)
#6 C:\wamp64\www\tarefa1\public\index.php(37): CodeIgniter\CodeIgniter->run()
#7 C:\wamp64\www\tarefa1\system\Commands\Server\rewrite.php(43): require_once('C:\\wamp64\\www\\t...')
#8 {main}
CRITICAL - 2022-03-09 11:28:20 --> Invalid file: template/header.php
#0 C:\wamp64\www\tarefa1\system\View\View.php(198): CodeIgniter\Exceptions\FrameworkException::forInvalidFile('template/header...')
#1 C:\wamp64\www\tarefa1\system\Common.php(1089): CodeIgniter\View\View->render('template/header', Array, true)
#2 C:\wamp64\www\tarefa1\app\Controllers\Home.php(15): view('template/header')
#3 C:\wamp64\www\tarefa1\system\CodeIgniter.php(832): App\Controllers\Home->page()
#4 C:\wamp64\www\tarefa1\system\CodeIgniter.php(419): CodeIgniter\CodeIgniter->runController(Object(App\Controllers\Home))
#5 C:\wamp64\www\tarefa1\system\CodeIgniter.php(326): CodeIgniter\CodeIgniter->handleRequest(NULL, Object(Config\Cache), false)
#6 C:\wamp64\www\tarefa1\public\index.php(37): CodeIgniter\CodeIgniter->run()
#7 C:\wamp64\www\tarefa1\system\Commands\Server\rewrite.php(43): require_once('C:\\wamp64\\www\\t...')
#8 {main}
